<?xml version="1.0" encoding="UTF-8"?>
<!-- Generated by org.testng.reporters.JUnitReportReporter -->
<testsuite hostname="MSI" failures="0" tests="1" name="Test_PACK.TC_RF_006" time="10.729" errors="0" timestamp="2024-11-24T18:06:57 IST" skipped="0">
  <testcase classname="Test_PACK.TC_RF_006" name="Verify_Registering_an_Account_when_No_option_is_selected_for_Newsletter_field" time="10.729"/>
  <system-out/>
</testsuite> <!-- Test_PACK.TC_RF_006 -->
