<?xml version="1.0" encoding="UTF-8"?>
<!-- Generated by org.testng.reporters.JUnitReportReporter -->
<testsuite hostname="MSI" failures="0" tests="1" name="Test_PACK.TC_RF_010" time="13.412" errors="0" timestamp="2024-11-12T20:08:54 IST" skipped="0">
  <testcase classname="Test_PACK.TC_RF_010" name="invalidEmail_2" time="13.412"/>
  <system-out/>
</testsuite> <!-- Test_PACK.TC_RF_010 -->
