<?xml version="1.0" encoding="UTF-8"?>
<!-- Generated by org.testng.reporters.JUnitReportReporter -->
<testsuite hostname="MSI" failures="0" tests="2" name="Temp_pack.BHASKAR_LOGIN4" time="225.220" errors="0" timestamp="2024-11-10T06:39:24 IST" skipped="0">
  <testcase classname="Temp_pack.BHASKAR_LOGIN4" name="User04_email04_20hits" time="120.072"/>
  <system-out/>
  <testcase classname="Temp_pack.BHASKAR_LOGIN4" name="User04_email04_20hits" time="105.148"/>
  <system-out/>
</testsuite> <!-- Temp_pack.BHASKAR_LOGIN4 -->
