<?xml version="1.0" encoding="UTF-8"?>
<!-- Generated by org.testng.reporters.JUnitReportReporter -->
<testsuite hostname="MSI" failures="0" tests="1" name="Test_PACK.TC_RF_003" time="11.143" errors="0" timestamp="2024-11-11T15:05:25 IST" skipped="0">
  <testcase classname="Test_PACK.TC_RF_003" name="verifyRegisteringAnAccount" time="11.143"/>
  <system-out/>
</testsuite> <!-- Test_PACK.TC_RF_003 -->
