<?xml version="1.0" encoding="UTF-8"?>
<!-- Generated by org.testng.reporters.JUnitReportReporter -->
<testsuite hostname="SomeshPC" failures="0" tests="1" name="Test_PACK.TC_RF_026" time="11.886" errors="0" timestamp="2024-12-18T21:03:24 IST" skipped="0">
  <testcase classname="Test_PACK.TC_RF_026" name="Verify_the_UI_of_Register_Account_page" time="11.886"/>
  <system-out/>
</testsuite> <!-- Test_PACK.TC_RF_026 -->
