<?xml version="1.0" encoding="UTF-8"?>
<!-- Generated by org.testng.reporters.JUnitReportReporter -->
<testsuite hostname="SomeshPC" failures="0" tests="1" name="Test_PACK.D_Search" time="10.877" errors="0" timestamp="2025-02-01T17:27:53 IST" skipped="0">
  <testcase classname="Test_PACK.D_Search" name="TC_SF_001_Verify_searching_with_an_existing_Product_Name" time="10.877"/>
  <system-out/>
</testsuite> <!-- Test_PACK.D_Search -->
