<?xml version="1.0" encoding="UTF-8"?>
<!-- Generated by org.testng.reporters.JUnitReportReporter -->
<testsuite hostname="MSI" failures="0" tests="1" name="Test_PACK.TC_RF_012" time="9.635" errors="0" timestamp="2024-11-11T20:06:08 IST" skipped="0">
  <testcase classname="Test_PACK.TC_RF_012" name="Verify_Registering_Account_by_using_Keyboard_keys" time="9.635"/>
  <system-out/>
</testsuite> <!-- Test_PACK.TC_RF_012 -->
