<?xml version="1.0" encoding="UTF-8"?>
<!-- Generated by org.testng.reporters.JUnitReportReporter -->
<testsuite hostname="SomeshPC" failures="0" tests="1" name="Test_PACK.TC_RF_007" time="10.678" errors="0" timestamp="2024-12-17T19:49:36 IST" skipped="0">
  <testcase classname="Test_PACK.TC_RF_007" name="Verify__diff_ways_to_navigating_to_Register_page" time="10.678"/>
  <system-out/>
</testsuite> <!-- Test_PACK.TC_RF_007 -->
