<?xml version="1.0" encoding="UTF-8"?>
<!-- Generated by org.testng.reporters.JUnitReportReporter -->
<testsuite hostname="MSI" failures="0" tests="1" name="Test_PACK.TC_RF_013" time="3.934" errors="0" timestamp="2024-11-24T14:12:44 IST" skipped="0">
  <testcase classname="Test_PACK.TC_RF_013" name="Verify_all_fields_in_the_Register_Account_page_have_proper_placeholders" time="3.934"/>
  <system-out/>
</testsuite> <!-- Test_PACK.TC_RF_013 -->
