<?xml version="1.0" encoding="UTF-8"?>
<!-- Generated by org.testng.reporters.JUnitReportReporter -->
<testsuite hostname="SomeshPC" failures="0" tests="1" name="Test_PACK.TC_RF_004" time="10.686" errors="0" timestamp="2024-12-15T18:18:44 IST" skipped="0">
  <testcase classname="Test_PACK.TC_RF_004" name="Verify_proper_notification_messages_with_no_data_in_the_madetory_field" time="10.686"/>
  <system-out/>
</testsuite> <!-- Test_PACK.TC_RF_004 -->
