<?xml version="1.0" encoding="UTF-8"?>
<!-- Generated by org.testng.reporters.JUnitReportReporter -->
<testsuite hostname="MSI" failures="0" tests="1" name="Temp_pack.timestamp" time="0.002" errors="0" timestamp="2024-11-04T11:58:08 IST" skipped="0">
  <testcase classname="Temp_pack.timestamp" name="replcespace" time="0.002"/>
  <system-out/>
</testsuite> <!-- Temp_pack.timestamp -->
