<?xml version="1.0" encoding="UTF-8"?>
<!-- Generated by org.testng.reporters.JUnitReportReporter -->
<testsuite hostname="SomeshPC" failures="0" tests="1" name="Test_PACK.SendReport" time="5.911" errors="0" timestamp="2024-12-22T22:08:46 IST" skipped="0">
  <testcase classname="Test_PACK.SendReport" name="sendReport" time="5.911"/>
  <system-out/>
</testsuite> <!-- Test_PACK.SendReport -->
