<?xml version="1.0" encoding="UTF-8"?>
<!-- Generated by org.testng.reporters.JUnitReportReporter -->
<testsuite hostname="MSI" failures="0" tests="1" name="Test_PACK.TC_RF_012" time="22.891" errors="0" timestamp="2024-11-24T18:06:57 IST" skipped="0">
  <testcase classname="Test_PACK.TC_RF_012" name="Verify_Registering_Account_by_using_Keyboard_keys" time="22.891"/>
  <system-out/>
</testsuite> <!-- Test_PACK.TC_RF_012 -->
