<?xml version="1.0" encoding="UTF-8"?>
<!-- Generated by org.testng.reporters.JUnitReportReporter -->
<testsuite hostname="SomeshPC" failures="0" tests="1" name="Test_PACK.TC_RF_012" time="16.571" errors="0" timestamp="2024-12-17T20:29:12 IST" skipped="0">
  <testcase classname="Test_PACK.TC_RF_012" name="Verify_Registering_Account_by_using_Keyboard_keys" time="16.571"/>
  <system-out/>
</testsuite> <!-- Test_PACK.TC_RF_012 -->
