<?xml version="1.0" encoding="UTF-8"?>
<!-- Generated by org.testng.reporters.JUnitReportReporter -->
<testsuite hostname="MSI" failures="0" tests="3" name="Test_PACK.TC_RF_007" time="18.489" errors="0" timestamp="2024-11-11T14:47:45 IST" skipped="0">
  <testcase classname="Test_PACK.TC_RF_007" name="Verify__navigating_to_Register_Account_page_via_MY_Account_Registration" time="5.543"/>
  <system-out/>
  <testcase classname="Test_PACK.TC_RF_007" name="Verify__navigating_to_Register_Account_page_via_Login_page_NEW_Customer" time="5.948"/>
  <system-out/>
  <testcase classname="Test_PACK.TC_RF_007" name="Verify__navigating_to_Register_Account_page_via_Login_page_Register_Right_Box" time="6.998"/>
  <system-out/>
</testsuite> <!-- Test_PACK.TC_RF_007 -->
