<?xml version="1.0" encoding="UTF-8"?>
<!-- Generated by org.testng.reporters.JUnitReportReporter -->
<testsuite hostname="MSI" failures="0" tests="3" name="Test_PACK.TC_RF_007" time="15.425" errors="0" timestamp="2024-11-24T18:06:57 IST" skipped="0">
  <testcase classname="Test_PACK.TC_RF_007" name="Verify__navigating_to_Register_Account_page_via_Login_page_NEW_Customer" time="5.489"/>
  <system-out/>
  <testcase classname="Test_PACK.TC_RF_007" name="Verify__navigating_to_Register_Account_page_via_Login_page_Register_Right_Box" time="5.229"/>
  <system-out/>
  <testcase classname="Test_PACK.TC_RF_007" name="Verify__navigating_to_Register_Account_page_via_MY_Account_Registration" time="4.707"/>
  <system-out/>
</testsuite> <!-- Test_PACK.TC_RF_007 -->
