<?xml version="1.0" encoding="UTF-8"?>
<!-- Generated by org.testng.reporters.JUnitReportReporter -->
<testsuite hostname="SomeshPC" failures="0" tests="1" name="Test_PACK.A_Registration" time="6.347" errors="0" timestamp="2025-02-01T16:23:13 IST" skipped="0">
  <testcase classname="Test_PACK.A_Registration" name="TC_RF_012Verify_Registering_Account_by_using_Keyboard_keys" time="6.347"/>
  <system-out/>
</testsuite> <!-- Test_PACK.A_Registration -->
