<?xml version="1.0" encoding="UTF-8"?>
<!-- Generated by org.testng.reporters.JUnitReportReporter -->
<testsuite hostname="SomeshPC" failures="0" tests="1" name="Test_PACK.TC_RF_024" time="11.958" errors="0" timestamp="2024-12-14T23:09:27 IST" skipped="0">
  <testcase classname="Test_PACK.TC_RF_024" name="Verify_Registring_Account_by_filling_Password_field_and_not_filling_Password_Confirm_field" time="11.958"/>
  <system-out/>
</testsuite> <!-- Test_PACK.TC_RF_024 -->
