<?xml version="1.0" encoding="UTF-8"?>
<!-- Generated by org.testng.reporters.JUnitReportReporter -->
<testsuite hostname="MSI" failures="0" tests="2" name="Temp_pack.BHASKAR_LOGIN" time="215.004" errors="0" timestamp="2024-11-10T06:39:24 IST" skipped="0">
  <testcase classname="Temp_pack.BHASKAR_LOGIN" name="User01_email01_20hits" time="122.536"/>
  <system-out/>
  <testcase classname="Temp_pack.BHASKAR_LOGIN" name="User01_email01_20hits" time="92.468"/>
  <system-out/>
</testsuite> <!-- Temp_pack.BHASKAR_LOGIN -->
