<?xml version="1.0" encoding="UTF-8"?>
<!-- Generated by org.testng.reporters.JUnitReportReporter -->
<testsuite hostname="SomeshPC" failures="0" tests="1" name="Test_PACK.B_Login" time="7.592" errors="0" timestamp="2025-02-01T16:27:30 IST" skipped="0">
  <testcase classname="Test_PACK.B_Login" name="TC_LF_007_verifyLoggingIntoApplicationUsingKeyboardKeys" time="7.592"/>
  <system-out/>
</testsuite> <!-- Test_PACK.B_Login -->
