<?xml version="1.0" encoding="UTF-8"?>
<!-- Generated by org.testng.reporters.JUnitReportReporter -->
<testsuite hostname="SomeshPC" failures="0" tests="1" name="Test_PACK.C_LogOut" time="6.497" errors="0" timestamp="2025-02-01T16:42:58 IST" skipped="0">
  <testcase classname="Test_PACK.C_LogOut" name="TC_LG_009_Verify_Account_Logout_page" time="6.497"/>
  <system-out/>
</testsuite> <!-- Test_PACK.C_LogOut -->
