<?xml version="1.0" encoding="UTF-8"?>
<!-- Generated by org.testng.reporters.JUnitReportReporter -->
<testsuite hostname="SomeshPC" failures="0" tests="1" name="Test_PACK.Login" time="9.699" errors="0" timestamp="2025-01-19T22:09:44 IST" skipped="0">
  <testcase classname="Test_PACK.Login" name="TC_LF_013VerifythetextintothePasswordfieldistoggledtohideitsvisibility" time="9.699"/>
  <system-out/>
</testsuite> <!-- Test_PACK.Login -->
