<?xml version="1.0" encoding="UTF-8"?>
<!-- Generated by org.testng.reporters.JUnitReportReporter -->
<testsuite hostname="MSI" failures="0" tests="1" name="Test_PACK.TC_RF_003" time="12.161" errors="0" timestamp="2024-10-23T21:21:11 IST" skipped="0">
  <testcase classname="Test_PACK.TC_RF_003" name="verifyRegisteringAnAccount" time="12.161"/>
  <system-out/>
</testsuite> <!-- Test_PACK.TC_RF_003 -->
