<?xml version="1.0" encoding="UTF-8"?>
<!-- Generated by org.testng.reporters.JUnitReportReporter -->
<testsuite hostname="SomeshPC" failures="0" tests="1" name="Test_PACK.D_Search" time="4.957" errors="0" timestamp="2025-03-01T11:10:15 IST" skipped="0">
  <testcase classname="Test_PACK.D_Search" name="TC_SF_013_Verify_navigating_to_Product_Compare_Page_from_Search_Results_page" time="4.957"/>
</testsuite> <!-- Test_PACK.D_Search -->
