<?xml version="1.0" encoding="UTF-8"?>
<!-- Generated by org.testng.reporters.JUnitReportReporter -->
<testsuite hostname="MSI" failures="0" tests="1" name="Temp_pack.timestamp" time="0.087" errors="0" timestamp="2024-10-22T22:28:26 IST" skipped="0">
  <testcase classname="Temp_pack.timestamp" name="reusableemail" time="0.087"/>
  <system-out/>
</testsuite> <!-- Temp_pack.timestamp -->
