<?xml version="1.0" encoding="UTF-8"?>
<!-- Generated by org.testng.reporters.JUnitReportReporter -->
<testsuite hostname="SomeshPC" failures="0" tests="1" name="Test_PACK.TC_RF_023" time="24.675" errors="0" timestamp="2024-12-14T23:35:56 IST" skipped="0">
  <testcase classname="Test_PACK.TC_RF_023" name="Verify_navigating_to_other_pages_using_options_or_links_provided_on_the_Register_Account_page" time="24.675"/>
  <system-out/>
</testsuite> <!-- Test_PACK.TC_RF_023 -->
