<?xml version="1.0" encoding="UTF-8"?>
<!-- Generated by org.testng.reporters.JUnitReportReporter -->
<testsuite hostname="MSI" failures="0" tests="4" name="Test_PACK.TC_RF_010" time="28.509" errors="0" timestamp="2024-11-11T17:13:18 IST" skipped="0">
  <testcase classname="Test_PACK.TC_RF_010" name="invalidEmail_3" time="9.172"/>
  <system-out/>
  <testcase classname="Test_PACK.TC_RF_010" name="invalidEmail_4" time="6.758"/>
  <system-out/>
  <testcase classname="Test_PACK.TC_RF_010" name="invalidEmail_1" time="6.134"/>
  <system-out/>
  <testcase classname="Test_PACK.TC_RF_010" name="invalidEmail_2" time="6.445"/>
  <system-out/>
</testsuite> <!-- Test_PACK.TC_RF_010 -->
