<?xml version="1.0" encoding="UTF-8"?>
<!-- Generated by org.testng.reporters.JUnitReportReporter -->
<testsuite hostname="SomeshPC" failures="0" tests="1" name="Test_PACK.Registration" time="34.764" errors="0" timestamp="2025-01-30T22:37:23 IST" skipped="0">
  <testcase classname="Test_PACK.Registration" name="TC_RF_012Verify_Registering_Account_by_using_Keyboard_keys" time="34.764"/>
  <system-out/>
</testsuite> <!-- Test_PACK.Registration -->
