<?xml version="1.0" encoding="UTF-8"?>
<!-- Generated by org.testng.reporters.JUnitReportReporter -->
<testsuite hostname="MSI" failures="0" tests="4" name="Test_PACK.TC_RF_010" time="35.304" errors="0" timestamp="2024-11-24T18:06:57 IST" skipped="0">
  <testcase classname="Test_PACK.TC_RF_010" name="invalidEmail_1" time="9.397"/>
  <system-out/>
  <testcase classname="Test_PACK.TC_RF_010" name="invalidEmail_2" time="7.227"/>
  <system-out/>
  <testcase classname="Test_PACK.TC_RF_010" name="invalidEmail_3" time="11.010"/>
  <system-out/>
  <testcase classname="Test_PACK.TC_RF_010" name="invalidEmail_4" time="7.670"/>
  <system-out/>
</testsuite> <!-- Test_PACK.TC_RF_010 -->
