<?xml version="1.0" encoding="UTF-8"?>
<!-- Generated by org.testng.reporters.JUnitReportReporter -->
<testsuite hostname="MSI" failures="0" tests="2" name="Temp_pack.BHASKAR_LOGIN3" time="168.237" errors="0" timestamp="2024-11-10T06:39:24 IST" skipped="0">
  <testcase classname="Temp_pack.BHASKAR_LOGIN3" name="User03_email03_20hits" time="107.104"/>
  <system-out/>
  <testcase classname="Temp_pack.BHASKAR_LOGIN3" name="User03_email03_20hits" time="61.133"/>
  <system-out/>
</testsuite> <!-- Temp_pack.BHASKAR_LOGIN3 -->
