<?xml version="1.0" encoding="UTF-8"?>
<!-- Generated by org.testng.reporters.JUnitReportReporter -->
<testsuite hostname="SomeshPC" failures="0" tests="3" name="Test_PACK.Registration" time="22.813" errors="0" timestamp="2025-01-04T13:23:12 IST" skipped="0">
  <testcase classname="Test_PACK.Registration" name="TC_RF_027_Verify_Register_Account_functionality_in_all_the_supported_environments" time="7.439"/>
  <system-out/>
  <testcase classname="Test_PACK.Registration" name="TC_RF_027_Verify_Register_Account_functionality_in_all_the_supported_environments" time="6.578"/>
  <system-out/>
  <testcase classname="Test_PACK.Registration" name="TC_RF_027_Verify_Register_Account_functionality_in_all_the_supported_environments" time="8.796"/>
  <system-out/>
</testsuite> <!-- Test_PACK.Registration -->
