<?xml version="1.0" encoding="UTF-8"?>
<!-- Generated by org.testng.reporters.JUnitReportReporter -->
<testsuite hostname="MSI" failures="0" tests="2" name="Temp_pack.BHASKAR_LOGIN5" time="126.070" errors="0" timestamp="2024-11-10T06:39:24 IST" skipped="0">
  <testcase classname="Temp_pack.BHASKAR_LOGIN5" name="User05_email05_20hits" time="74.485"/>
  <system-out/>
  <testcase classname="Temp_pack.BHASKAR_LOGIN5" name="User05_email05_20hits" time="51.585"/>
  <system-out/>
</testsuite> <!-- Temp_pack.BHASKAR_LOGIN5 -->
