<?xml version="1.0" encoding="UTF-8"?>
<!-- Generated by org.testng.reporters.JUnitReportReporter -->
<testsuite hostname="MSI" failures="0" tests="1" name="Test_PACK.TC_RF_005" time="7.745" errors="0" timestamp="2024-11-04T11:58:08 IST" skipped="0">
  <testcase classname="Test_PACK.TC_RF_005" name="Verify_Registering_an_Account_when_YES_option_is_selected_for_Newsletter_field" time="7.745"/>
  <system-out/>
</testsuite> <!-- Test_PACK.TC_RF_005 -->
