<?xml version="1.0" encoding="UTF-8"?>
<!-- Generated by org.testng.reporters.JUnitReportReporter -->
<testsuite hostname="MSI" failures="0" tests="1" name="Test_PACK.TC_RF_022" time="13.473" errors="0" timestamp="2024-12-08T20:30:39 IST" skipped="0">
  <testcase classname="Test_PACK.TC_RF_022" name="Verify_the_Password_text_entered_into_the_Password_and_Password_Confirm_field_of_Register_Account_functionality_is_toggled_to_hide_its_visibility" time="13.473"/>
  <system-out/>
</testsuite> <!-- Test_PACK.TC_RF_022 -->
