<?xml version="1.0" encoding="UTF-8"?>
<!-- Generated by org.testng.reporters.JUnitReportReporter -->
<testsuite hostname="MSI" failures="0" tests="1" name="Test_PACK.TC_RF_009" time="6.416" errors="0" timestamp="2024-11-24T18:06:57 IST" skipped="0">
  <testcase classname="Test_PACK.TC_RF_009" name="Verify_Registering_Account_by_providing_the_existing_account_details" time="6.416"/>
  <system-out/>
</testsuite> <!-- Test_PACK.TC_RF_009 -->
