<?xml version="1.0" encoding="UTF-8"?>
<!-- Generated by org.testng.reporters.JUnitReportReporter -->
<testsuite hostname="SomeshPC" failures="0" tests="3" name="Test_PACK.TC_RF_027" time="33.666" errors="0" timestamp="2024-12-14T21:54:52 IST" skipped="0">
  <testcase classname="Test_PACK.TC_RF_027" name="Verify_Register_Account_functionality_in_all_the_supported_environments" time="7.793"/>
  <system-out/>
  <testcase classname="Test_PACK.TC_RF_027" name="Verify_Register_Account_functionality_in_all_the_supported_environments" time="11.251"/>
  <system-out/>
  <testcase classname="Test_PACK.TC_RF_027" name="Verify_Register_Account_functionality_in_all_the_supported_environments" time="14.622"/>
  <system-out/>
</testsuite> <!-- Test_PACK.TC_RF_027 -->
