<?xml version="1.0" encoding="UTF-8"?>
<!-- Generated by org.testng.reporters.JUnitReportReporter -->
<testsuite hostname="SomeshPC" failures="0" tests="1" name="Test_PACK.TC_RF_016" time="39.541" errors="0" timestamp="2024-12-18T21:49:25 IST" skipped="0">
  <testcase classname="Test_PACK.TC_RF_016" name="TC_RF_016_verify_Registering_Account_By_Entering_Only_Spaces" time="39.541"/>
  <system-out/>
</testsuite> <!-- Test_PACK.TC_RF_016 -->
