<?xml version="1.0" encoding="UTF-8"?>
<!-- Generated by org.testng.reporters.JUnitReportReporter -->
<testsuite hostname="MSI" failures="0" tests="1" name="Test_PACK.email_verification" time="11.135" errors="0" timestamp="2024-11-24T18:06:57 IST" skipped="0">
  <testcase classname="Test_PACK.email_verification" name="test" time="11.135"/>
  <system-out/>
</testsuite> <!-- Test_PACK.email_verification -->
