<?xml version="1.0" encoding="UTF-8"?>
<!-- Generated by org.testng.reporters.JUnitReportReporter -->
<testsuite hostname="MSI" failures="0" tests="1" name="Test_PACK.TC_RF_009" time="9.336" errors="0" timestamp="2024-11-11T15:35:04 IST" skipped="0">
  <testcase classname="Test_PACK.TC_RF_009" name="Verify_Registering_Account_by_providing_the_existing_account_details" time="9.336"/>
  <system-out/>
</testsuite> <!-- Test_PACK.TC_RF_009 -->
