<?xml version="1.0" encoding="UTF-8"?>
<!-- Generated by org.testng.reporters.JUnitReportReporter -->
<testsuite hostname="MSI" failures="0" tests="1" name="Test_PACK.TC_RF_014" time="18.727" errors="0" timestamp="2024-12-07T19:34:40 IST" skipped="0">
  <testcase classname="Test_PACK.TC_RF_014" name="Verify_all_mandatory_fields_in_Register_Account" time="18.727"/>
  <system-out/>
</testsuite> <!-- Test_PACK.TC_RF_014 -->
