<?xml version="1.0" encoding="UTF-8"?>
<!-- Generated by org.testng.reporters.JUnitReportReporter -->
<testsuite hostname="SomeshPC" failures="0" tests="1" name="Test_PACK.B_Login" time="12.492" errors="0" timestamp="2025-02-26T14:33:38 IST" skipped="0">
  <testcase classname="Test_PACK.B_Login" name="TC_LF_001_verifyLoggingIntoApplicationUsingValidCredentails" time="12.492"/>
</testsuite> <!-- Test_PACK.B_Login -->
