<?xml version="1.0" encoding="UTF-8"?>
<!-- Generated by org.testng.reporters.JUnitReportReporter -->
<testsuite hostname="SomeshPC" failures="0" tests="1" name="Test_PACK.Registration" time="4.465" errors="0" timestamp="2024-12-26T20:14:48 IST" skipped="0">
  <testcase classname="Test_PACK.Registration" name="TC_RF_014_Verify_all_mandatory_fields_in_Register_Account" time="4.465"/>
  <system-out/>
</testsuite> <!-- Test_PACK.Registration -->
