<?xml version="1.0" encoding="UTF-8"?>
<!-- Generated by org.testng.reporters.JUnitReportReporter -->
<testsuite hostname="MSI" failures="0" tests="1" name="Test_PACK.TC_RF_019" time="15.243" errors="0" timestamp="2024-12-06T21:39:41 IST" skipped="0">
  <testcase classname="Test_PACK.TC_RF_019" name="Verify_whether_the_leading_and_trailing_spaces_entered_into_the_Register_Account_fields_are_trimmed" time="15.243"/>
  <system-out/>
</testsuite> <!-- Test_PACK.TC_RF_019 -->
