<?xml version="1.0" encoding="UTF-8"?>
<!-- Generated by org.testng.reporters.JUnitReportReporter -->
<testsuite hostname="MSI" failures="0" tests="1" name="Test_PACK.TC_RF_003" time="11.544" errors="0" timestamp="2024-11-04T11:25:29 IST" skipped="0">
  <testcase classname="Test_PACK.TC_RF_003" name="verifyRegisteringAnAccount" time="11.544"/>
  <system-out/>
</testsuite> <!-- Test_PACK.TC_RF_003 -->
