<?xml version="1.0" encoding="UTF-8"?>
<!-- Generated by org.testng.reporters.JUnitReportReporter -->
<testsuite hostname="MSI" failures="0" tests="1" name="Test_PACK.TC_RF_004" time="4.955" errors="0" timestamp="2024-10-23T00:19:28 IST" skipped="0">
  <testcase classname="Test_PACK.TC_RF_004" name="Verify_proper_notification_messages_with_no_data_in_the_madetory_field" time="4.955"/>
  <system-out/>
</testsuite> <!-- Test_PACK.TC_RF_004 -->
