<?xml version="1.0" encoding="UTF-8"?>
<!-- Generated by org.testng.reporters.JUnitReportReporter -->
<testsuite hostname="SomeshPC" failures="0" tests="11" name="Test_PACK.C_LogOut" time="66.045" errors="0" timestamp="2025-02-06T00:06:37 IST" skipped="0">
  <testcase classname="Test_PACK.C_LogOut" name="TC_LG_001_Verify_Logging_out_by_selecting_Logout_option_from_My_Account_dropmenu" time="4.375"/>
  <system-out/>
  <testcase classname="Test_PACK.C_LogOut" name="TC_LG_002_Verify_Logging_out_by_selecting_Logout_option_from_Right_Column_options" time="8.043"/>
  <system-out/>
  <testcase classname="Test_PACK.C_LogOut" name="TC_LG_003_Verify_the_Application_session_status_after_logging_and_closing_the_Browser_without_logging_out" time="4.370"/>
  <system-out/>
  <testcase classname="Test_PACK.C_LogOut" name="TC_LG_004_Verify_logging_out_and_browsing_back" time="4.681"/>
  <system-out/>
  <testcase classname="Test_PACK.C_LogOut" name="TC_LG_005_Verify_Logout_option_is_not_displayed_under_My_Account_menu_before_logging_in" time="8.947"/>
  <system-out/>
  <testcase classname="Test_PACK.C_LogOut" name="TC_LG_006_Verify_Logout_option_is_not_displayed_under_Right_Column_options_before_logging_in" time="4.998"/>
  <system-out/>
  <testcase classname="Test_PACK.C_LogOut" name="TC_LG_007_Verify_logout_from_an_Account_from_a_single_place_after_logging_into_it_from_different_places" time="8.120"/>
  <system-out/>
  <testcase classname="Test_PACK.C_LogOut" name="TC_LG_008_Verify_logging_out_and_logging_in_immediately_after_logout" time="5.833"/>
  <system-out/>
  <testcase classname="Test_PACK.C_LogOut" name="TC_LG_009_Verify_Account_Logout_page" time="4.463"/>
  <system-out/>
  <testcase classname="Test_PACK.C_LogOut" name="TC_LG_010_Verify_the_UI_of_the_Logout_option_and_the_Account_Logout_page" time="4.363"/>
  <system-out/>
  <testcase classname="Test_PACK.C_LogOut" name="TC_LG_011_Verify_the_Logout_functionality_in_all_the_supported_environments" time="7.852"/>
  <system-out/>
</testsuite> <!-- Test_PACK.C_LogOut -->
