<?xml version="1.0" encoding="UTF-8"?>
<!-- Generated by org.testng.reporters.JUnitReportReporter -->
<testsuite hostname="MSI" failures="0" tests="1" name="Test_PACK.TC_RF_003" time="8.176" errors="0" timestamp="2024-11-24T18:06:57 IST" skipped="0">
  <testcase classname="Test_PACK.TC_RF_003" name="verifyRegisteringAnAccount" time="8.176"/>
  <system-out/>
</testsuite> <!-- Test_PACK.TC_RF_003 -->
