<?xml version="1.0" encoding="UTF-8"?>
<!-- Generated by org.testng.reporters.JUnitReportReporter -->
<testsuite hostname="MSI" failures="0" tests="3" name="Test_PACK.TC_RF_007" time="29.909" errors="0" timestamp="2024-10-23T21:56:34 IST" skipped="0">
  <testcase classname="Test_PACK.TC_RF_007" name="Verify__navigating_to_Register_Account_page_via_Login_page_NEW_Customer" time="10.920"/>
  <system-out/>
  <testcase classname="Test_PACK.TC_RF_007" name="Verify__navigating_to_Register_Account_page_via_Login_page_Register_Right_Box" time="4.691"/>
  <system-out/>
  <testcase classname="Test_PACK.TC_RF_007" name="Verify__navigating_to_Register_Account_page_via_MY_Account_Registration" time="14.298"/>
  <system-out/>
</testsuite> <!-- Test_PACK.TC_RF_007 -->
