<?xml version="1.0" encoding="UTF-8"?>
<!-- Generated by org.testng.reporters.JUnitReportReporter -->
<testsuite hostname="SomeshPC" failures="0" tests="1" name="Test_PACK.A_Registration" time="14.698" errors="0" timestamp="2025-02-22T21:57:09 IST" skipped="0">
  <testcase classname="Test_PACK.A_Registration" name="TC_RF_027_Verify_Register_Account_functionality_in_all_the_supported_environments" time="14.698"/>
</testsuite> <!-- Test_PACK.A_Registration -->
