<?xml version="1.0" encoding="UTF-8"?>
<!-- Generated by org.testng.reporters.JUnitReportReporter -->
<testsuite hostname="MSI" failures="0" tests="1" name="Test_PACK.TC_RF_008" time="16.513" errors="0" timestamp="2024-11-24T18:06:57 IST" skipped="0">
  <testcase classname="Test_PACK.TC_RF_008" name="Verify_Registering_Account_by_entering_different_passwords_into_Password_and_Password_Confirm_fields" time="16.513"/>
  <system-out/>
</testsuite> <!-- Test_PACK.TC_RF_008 -->
